Using pre-set license
Built from '2020.2/release' branch; Version is '2020.2.2f1 (068178b99f32) revision 426360'; Using compiler version '192528614'; Build Type 'Release'
OS: 'Windows 10 Home; OS build 18363.1316; Version 1909; 64bit' Language: 'en' Physical Memory: 32692 MB
BatchMode: 1, IsHumanControllingUs: 0, StartBugReporterOnCrash: 0, Is64bit: 1, IsPro: 0

 COMMAND LINE ARGUMENTS:
C:\Program Files\Unity\Hub\Editor\2020.2.2f1\Editor\Unity.exe
-adb2
-batchMode
-noUpm
-name
AssetImportWorker0
-projectPath
G:/Unity Projects/SlitherAR
-logFile
Logs/AssetImportWorker0.log
-srvPort
50470
Successfully changed project path to: G:/Unity Projects/SlitherAR
G:/Unity Projects/SlitherAR
Using Asset Import Pipeline V2.
Refreshing native plugins compatible for Editor in 77.14 ms, found 0 plugins.
Preloading 0 native plugins for Editor in 0.00 ms.
Initialize engine version: 2020.2.2f1 (068178b99f32)
[Subsystems] Discovering subsystems at path C:/Program Files/Unity/Hub/Editor/2020.2.2f1/Editor/Data/Resources/UnitySubsystems
[Subsystems] Discovering subsystems at path G:/Unity Projects/SlitherAR/Assets
GfxDevice: creating device client; threaded=0
Direct3D:
    Version:  Direct3D 11.0 [level 11.1]
    Renderer: NVIDIA GeForce GTX 1080 (ID=0x1b80)
    Vendor:   
    VRAM:     8079 MB
    Driver:   27.21.14.5671
Shader 'Universal Render Pipeline/Particles/Lit': fallback shader 'Universal Render Pipeline/Particles/SimpleLit' not found
Initialize mono
Mono path[0] = 'C:/Program Files/Unity/Hub/Editor/2020.2.2f1/Editor/Data/Managed'
Mono path[1] = 'C:/Program Files/Unity/Hub/Editor/2020.2.2f1/Editor/Data/MonoBleedingEdge/lib/mono/unityjit'
Mono config path = 'C:/Program Files/Unity/Hub/Editor/2020.2.2f1/Editor/Data/MonoBleedingEdge/etc'
Using monoOptions --debugger-agent=transport=dt_socket,embedding=1,server=y,suspend=n,address=127.0.0.1:56428
Begin MonoManager ReloadAssembly
Registering precompiled unity dll's ...
Register platform support module: C:/Program Files/Unity/Hub/Editor/2020.2.2f1/Editor/Data/PlaybackEngines/WindowsStandaloneSupport/UnityEditor.WindowsStandalone.Extensions.dll
Registered in 0.001614 seconds.
Native extension for WindowsStandalone target not found
Refreshing native plugins compatible for Editor in 49.02 ms, found 0 plugins.
Preloading 0 native plugins for Editor in 0.00 ms.
Invoked RoslynAnalysisRunner static constructor.
RoslynAnalysisRunner will not be running.
RoslynAnalysisRunner has terminated.
Mono: successfully reloaded assembly
- Completed reload, in  4.016 seconds
Platform modules already initialized, skipping
Registering precompiled user dll's ...
Registered in 0.012271 seconds.
Begin MonoManager ReloadAssembly
Native extension for WindowsStandalone target not found
Refreshing native plugins compatible for Editor in 0.50 ms, found 0 plugins.
Preloading 0 native plugins for Editor in 0.00 ms.
Invoked RoslynAnalysisRunner static constructor.
RoslynAnalysisRunner will not be running.
RoslynAnalysisRunner has terminated.
Mono: successfully reloaded assembly
- Completed reload, in  1.158 seconds
Platform modules already initialized, skipping
========================================================================
Worker process is ready to serve import requests
Shader 'Universal Render Pipeline/Particles/Lit': fallback shader 'Universal Render Pipeline/Particles/SimpleLit' not found
Launched and connected shader compiler UnityShaderCompiler.exe after 0.05 seconds
Refreshing native plugins compatible for Editor in 0.51 ms, found 0 plugins.
Preloading 0 native plugins for Editor in 0.00 ms.
Unloading 3163 Unused Serialized files (Serialized files now loaded: 0)
System memory in use before: 139.3 MB.
System memory in use after: 139.5 MB.

Unloading 7 unused Assets to reduce memory usage. Loaded Objects now: 3602.
Total: 1.835700 ms (FindLiveObjects: 0.259400 ms CreateObjectMapping: 0.142200 ms MarkObjects: 1.354600 ms  DeleteObjects: 0.078600 ms)

========================================================================
Received Import Request.
  path: Assets/Puzzle stage & settings GUI Pack/Image_green/stage.png
  artifactKey: Guid(b4af768a35b6f99449f6eb0788cc404d) Importer(815301076,1909f56bfc062723c751e8b465ee728b)
Start importing Assets/Puzzle stage & settings GUI Pack/Image_green/stage.png using Guid(b4af768a35b6f99449f6eb0788cc404d) Importer(815301076,1909f56bfc062723c751e8b465ee728b)  -> (artifact id: '1dbaeb63eae05bb5829ae83887cfaa04') in 0.178201 seconds
  Import took 0.204789 seconds .

========================================================================
Received Import Request.
  Time since last request: 0.000227 seconds.
  path: Packages/com.unity.ugui/Runtime/UI/Core/MaskableGraphic.cs
  artifactKey: Guid(976acc75bfafe594cb01142ba21947be) Importer(815301076,1909f56bfc062723c751e8b465ee728b)
Start importing Packages/com.unity.ugui/Runtime/UI/Core/MaskableGraphic.cs using Guid(976acc75bfafe594cb01142ba21947be) Importer(815301076,1909f56bfc062723c751e8b465ee728b)  -> (artifact id: '6ccd5dec368136ff9b5556db08dbf6a8') in 0.009048 seconds
  Import took 0.023122 seconds .

========================================================================
Received Import Request.
  Time since last request: 0.000319 seconds.
  path: Assets/Puzzle stage & settings GUI Pack/Image_green/candy bar.png
  artifactKey: Guid(389f7ee28bb8fd64b856a0812f5dd053) Importer(815301076,1909f56bfc062723c751e8b465ee728b)
Start importing Assets/Puzzle stage & settings GUI Pack/Image_green/candy bar.png using Guid(389f7ee28bb8fd64b856a0812f5dd053) Importer(815301076,1909f56bfc062723c751e8b465ee728b)  -> (artifact id: 'ffbfcde72eaeecebac71bfa78e0f6cd3') in 0.086600 seconds
  Import took 0.118870 seconds .

========================================================================
Received Import Request.
  Time since last request: 0.000307 seconds.
  path: Assets/Materials/PointerGlow.mat
  artifactKey: Guid(081a5e9eaa00b4b9f85c30e76648388f) Importer(815301076,1909f56bfc062723c751e8b465ee728b)
Start importing Assets/Materials/PointerGlow.mat using Guid(081a5e9eaa00b4b9f85c30e76648388f) Importer(815301076,1909f56bfc062723c751e8b465ee728b)  -> (artifact id: '7889b40a82f6d6422f45bbab775b6fdb') in 0.742667 seconds
  Import took 0.756803 seconds .

========================================================================
Received Import Request.
  Time since last request: 0.000294 seconds.
  path: Assets/Puzzle stage & settings GUI Pack/Image_green/star.png
  artifactKey: Guid(71b128a043d04fa4b89d1c7680d515ea) Importer(815301076,1909f56bfc062723c751e8b465ee728b)
Start importing Assets/Puzzle stage & settings GUI Pack/Image_green/star.png using Guid(71b128a043d04fa4b89d1c7680d515ea) Importer(815301076,1909f56bfc062723c751e8b465ee728b)  -> (artifact id: '0b15a59c3b8305a0cf0010b2f1071946') in 0.065766 seconds
  Import took 0.070540 seconds .

========================================================================
Received Import Request.
  Time since last request: 0.000350 seconds.
  path: Assets/Puzzle stage & settings GUI Pack/Image_green/bar box.png
  artifactKey: Guid(0947d4d2acf497946abfbd8d4ea43cdc) Importer(815301076,1909f56bfc062723c751e8b465ee728b)
Start importing Assets/Puzzle stage & settings GUI Pack/Image_green/bar box.png using Guid(0947d4d2acf497946abfbd8d4ea43cdc) Importer(815301076,1909f56bfc062723c751e8b465ee728b)  -> (artifact id: '420a9c6d6345c903b40e86e2745fb48c') in 0.053837 seconds
  Import took 0.058906 seconds .

========================================================================
Received Import Request.
  Time since last request: 0.000234 seconds.
  path: Assets/Puzzle stage & settings GUI Pack/Image_green/off.png
  artifactKey: Guid(c8e1e477982812a479896abb2f7d88a4) Importer(815301076,1909f56bfc062723c751e8b465ee728b)
Start importing Assets/Puzzle stage & settings GUI Pack/Image_green/off.png using Guid(c8e1e477982812a479896abb2f7d88a4) Importer(815301076,1909f56bfc062723c751e8b465ee728b)  -> (artifact id: 'aca18c5545a36e068d2604f5e7feac2f') in 0.086628 seconds
  Import took 0.112079 seconds .

========================================================================
Received Import Request.
  Time since last request: 0.000315 seconds.
  path: Assets/Materials/PlaneShadow.mat
  artifactKey: Guid(a85a87823122c47b3842619ce87765db) Importer(815301076,1909f56bfc062723c751e8b465ee728b)
Start importing Assets/Materials/PlaneShadow.mat using Guid(a85a87823122c47b3842619ce87765db) Importer(815301076,1909f56bfc062723c751e8b465ee728b)  -> (artifact id: '5db7a856b45dcd1c4f63a3b63d40f710') in 0.127333 seconds
  Import took 0.141763 seconds .

========================================================================
Received Import Request.
  Time since last request: 0.000296 seconds.
  path: Assets/Puzzle stage & settings GUI Pack/Image_green/box.png
  artifactKey: Guid(f3aef599749ca424e8b877a98d53648c) Importer(815301076,1909f56bfc062723c751e8b465ee728b)
Start importing Assets/Puzzle stage & settings GUI Pack/Image_green/box.png using Guid(f3aef599749ca424e8b877a98d53648c) Importer(815301076,1909f56bfc062723c751e8b465ee728b)  -> (artifact id: '321df3555f2d7d8422755b0cd9cb6e22') in 0.233455 seconds
  Import took 0.252580 seconds .

========================================================================
Received Import Request.
  Time since last request: 0.000324 seconds.
  path: Assets/Materials/BlueGlow.mat
  artifactKey: Guid(def71b23ee37e4b97bbe6970fe4c4fa0) Importer(815301076,1909f56bfc062723c751e8b465ee728b)
Start importing Assets/Materials/BlueGlow.mat using Guid(def71b23ee37e4b97bbe6970fe4c4fa0) Importer(815301076,1909f56bfc062723c751e8b465ee728b)  -> (artifact id: '461bd65cc7df3241474f9b3705223ec2') in 0.303111 seconds
  Import took 0.307676 seconds .

========================================================================
Received Import Request.
  Time since last request: 0.000309 seconds.
  path: Assets/Materials/RedGlow.mat
  artifactKey: Guid(aee73cb77c601478e8c6fc95f8b7c8b8) Importer(815301076,1909f56bfc062723c751e8b465ee728b)
Start importing Assets/Materials/RedGlow.mat using Guid(aee73cb77c601478e8c6fc95f8b7c8b8) Importer(815301076,1909f56bfc062723c751e8b465ee728b)  -> (artifact id: '5b2e26f5107265c9ee31b27ad05fd8f8') in 0.015301 seconds
  Import took 0.031529 seconds .

========================================================================
Received Import Request.
  Time since last request: 0.000215 seconds.
  path: Assets/Puzzle stage & settings GUI Pack/Image_green/+.png
  artifactKey: Guid(1345c0f7b87d2d14d9ee89951de86f7c) Importer(815301076,1909f56bfc062723c751e8b465ee728b)
Start importing Assets/Puzzle stage & settings GUI Pack/Image_green/+.png using Guid(1345c0f7b87d2d14d9ee89951de86f7c) Importer(815301076,1909f56bfc062723c751e8b465ee728b)  -> (artifact id: '5c82f783afc1dd0e8a7890207d715a5b') in 0.055260 seconds
  Import took 0.070441 seconds .

========================================================================
Received Import Request.
  Time since last request: 0.000157 seconds.
  path: Assets/Puzzle stage & settings GUI Pack/facebook.png
  artifactKey: Guid(fd6563dd6e06ba64585df5f61c6eed82) Importer(815301076,1909f56bfc062723c751e8b465ee728b)
Start importing Assets/Puzzle stage & settings GUI Pack/facebook.png using Guid(fd6563dd6e06ba64585df5f61c6eed82) Importer(815301076,1909f56bfc062723c751e8b465ee728b)  -> (artifact id: '58ae462d31958c5f85f38ce7e4c88ff7') in 0.061417 seconds
  Import took 0.065928 seconds .

========================================================================
Received Import Request.
  Time since last request: 0.000261 seconds.
  path: Assets/Puzzle stage & settings GUI Pack/Image_green/goods jelly.png
  artifactKey: Guid(e29babf1b68936d41ba9d42663ef8914) Importer(815301076,1909f56bfc062723c751e8b465ee728b)
Start importing Assets/Puzzle stage & settings GUI Pack/Image_green/goods jelly.png using Guid(e29babf1b68936d41ba9d42663ef8914) Importer(815301076,1909f56bfc062723c751e8b465ee728b)  -> (artifact id: '82177bdd4e25ad30301031089db2e133') in 0.099693 seconds
  Import took 0.104164 seconds .

========================================================================
Received Import Request.
  Time since last request: 0.000198 seconds.
  path: Assets/Materials/YellowBananaGlow.mat
  artifactKey: Guid(8b48135f84807439994649ec1e285b6f) Importer(815301076,1909f56bfc062723c751e8b465ee728b)
Start importing Assets/Materials/YellowBananaGlow.mat using Guid(8b48135f84807439994649ec1e285b6f) Importer(815301076,1909f56bfc062723c751e8b465ee728b)  -> (artifact id: '0ebd1be0f707371d4a9c582ed6f4a15a') in 0.025864 seconds
  Import took 0.039942 seconds .

========================================================================
Received Import Request.
  Time since last request: 0.000276 seconds.
  path: Assets/Puzzle stage & settings GUI Pack/Image_green/jelly.png
  artifactKey: Guid(ce1c5de2c95387946b9c1e38ca9a4377) Importer(815301076,1909f56bfc062723c751e8b465ee728b)
Start importing Assets/Puzzle stage & settings GUI Pack/Image_green/jelly.png using Guid(ce1c5de2c95387946b9c1e38ca9a4377) Importer(815301076,1909f56bfc062723c751e8b465ee728b)  -> (artifact id: 'a7a197349e9f43cecf852a28c1001e80') in 0.056564 seconds
  Import took 0.070139 seconds .

========================================================================
Received Import Request.
  Time since last request: 0.000264 seconds.
  path: Packages/com.unity.ugui/Runtime/UI/Core/IMaskable.cs
  artifactKey: Guid(61a20120cddc53849bbc10fc805ffe3e) Importer(815301076,1909f56bfc062723c751e8b465ee728b)
Start importing Packages/com.unity.ugui/Runtime/UI/Core/IMaskable.cs using Guid(61a20120cddc53849bbc10fc805ffe3e) Importer(815301076,1909f56bfc062723c751e8b465ee728b)  -> (artifact id: '3d359c606a2250f97bebf98d52dcc6ce') in 0.004576 seconds
  Import took 0.009436 seconds .

========================================================================
Received Import Request.
  Time since last request: 0.000315 seconds.
  path: Assets/Puzzle stage & settings GUI Pack/Image_green/goods.png
  artifactKey: Guid(a0cba62c3c83f33449560df9d5412e65) Importer(815301076,1909f56bfc062723c751e8b465ee728b)
Start importing Assets/Puzzle stage & settings GUI Pack/Image_green/goods.png using Guid(a0cba62c3c83f33449560df9d5412e65) Importer(815301076,1909f56bfc062723c751e8b465ee728b)  -> (artifact id: '24abfc3ecf1334e8b9ea4a728e46d461') in 0.063822 seconds
  Import took 0.069610 seconds .

========================================================================
Received Import Request.
  Time since last request: 0.000328 seconds.
  path: Assets/Materials/FeatheredPlaneMaterial.mat
  artifactKey: Guid(1f6c3339f5c7e40d0a3f879df4c2da8a) Importer(815301076,1909f56bfc062723c751e8b465ee728b)
Start importing Assets/Materials/FeatheredPlaneMaterial.mat using Guid(1f6c3339f5c7e40d0a3f879df4c2da8a) Importer(815301076,1909f56bfc062723c751e8b465ee728b)  -> (artifact id: '229a76403db6b4357dd163a714961536') in 0.068171 seconds
  Import took 0.072901 seconds .

========================================================================
Received Import Request.
  Time since last request: 0.000240 seconds.
  path: Packages/com.unity.ugui/Runtime/UI/Core/MaskUtilities.cs
  artifactKey: Guid(7bd96d76711152648a736c4d28d865f2) Importer(815301076,1909f56bfc062723c751e8b465ee728b)
Start importing Packages/com.unity.ugui/Runtime/UI/Core/MaskUtilities.cs using Guid(7bd96d76711152648a736c4d28d865f2) Importer(815301076,1909f56bfc062723c751e8b465ee728b)  -> (artifact id: 'b7c243e6d79eae15ef2085bba87ecd09') in 0.005103 seconds
  Import took 0.023750 seconds .

========================================================================
Received Import Request.
  Time since last request: 0.000282 seconds.
  path: Packages/com.unity.ugui/Runtime/UI/Core/Dropdown.cs
  artifactKey: Guid(0d0b652f32a2cc243917e4028fa0f046) Importer(815301076,1909f56bfc062723c751e8b465ee728b)
Start importing Packages/com.unity.ugui/Runtime/UI/Core/Dropdown.cs using Guid(0d0b652f32a2cc243917e4028fa0f046) Importer(815301076,1909f56bfc062723c751e8b465ee728b)  -> (artifact id: '1c235694be8e3e10cb9e2b646cae0fce') in 0.005184 seconds
  Import took 0.009970 seconds .

========================================================================
Received Import Request.
  Time since last request: 0.000246 seconds.
  path: Assets/Materials/SnakeHead.mat
  artifactKey: Guid(8d64f9afa520f4a698e7d67d022db291) Importer(815301076,1909f56bfc062723c751e8b465ee728b)
Start importing Assets/Materials/SnakeHead.mat using Guid(8d64f9afa520f4a698e7d67d022db291) Importer(815301076,1909f56bfc062723c751e8b465ee728b)  -> (artifact id: '7a9dae00ddaf68a6188891e930a8aff2') in 0.038177 seconds
  Import took 0.043318 seconds .

========================================================================
Received Import Request.
  Time since last request: 0.000195 seconds.
  path: Assets/Puzzle stage & settings GUI Pack/Image_green/star box.png
  artifactKey: Guid(4baf0733311cad74994cffacaf884bba) Importer(815301076,1909f56bfc062723c751e8b465ee728b)
Start importing Assets/Puzzle stage & settings GUI Pack/Image_green/star box.png using Guid(4baf0733311cad74994cffacaf884bba) Importer(815301076,1909f56bfc062723c751e8b465ee728b)  -> (artifact id: 'adf91a11152fdd60b63ac2d2a43e3976') in 0.068169 seconds
  Import took 0.072655 seconds .

========================================================================
Received Import Request.
  Time since last request: 0.000255 seconds.
  path: Assets/Materials/AppleGlow.mat
  artifactKey: Guid(3d8afdc00773c478d80be97784127565) Importer(815301076,1909f56bfc062723c751e8b465ee728b)
Start importing Assets/Materials/AppleGlow.mat using Guid(3d8afdc00773c478d80be97784127565) Importer(815301076,1909f56bfc062723c751e8b465ee728b)  -> (artifact id: 'e39d59798dca4a763f7046f8e3381710') in 0.013313 seconds
  Import took 0.017680 seconds .

========================================================================
Received Import Request.
  Time since last request: 0.000236 seconds.
  path: Assets/Puzzle stage & settings GUI Pack/google.png
  artifactKey: Guid(8dbf17161d3061443990ffedeb5e43e6) Importer(815301076,1909f56bfc062723c751e8b465ee728b)
Start importing Assets/Puzzle stage & settings GUI Pack/google.png using Guid(8dbf17161d3061443990ffedeb5e43e6) Importer(815301076,1909f56bfc062723c751e8b465ee728b)  -> (artifact id: '866931bee9acf9eca087b9f07c46e260') in 0.069954 seconds
  Import took 0.074340 seconds .

========================================================================
Received Import Request.
  Time since last request: 0.000271 seconds.
  path: Packages/com.unity.ugui/Runtime/UI/Core/CanvasUpdateRegistry.cs
  artifactKey: Guid(bfb788a43e03363419155b8af77da971) Importer(815301076,1909f56bfc062723c751e8b465ee728b)
Start importing Packages/com.unity.ugui/Runtime/UI/Core/CanvasUpdateRegistry.cs using Guid(bfb788a43e03363419155b8af77da971) Importer(815301076,1909f56bfc062723c751e8b465ee728b)  -> (artifact id: '76f760cd6a6947e6fb41e3523aef1b17') in 0.004618 seconds
  Import took 0.009135 seconds .

========================================================================
Received Import Request.
  Time since last request: 0.000220 seconds.
  path: Assets/Prefabs/SnakeHead.prefab
  artifactKey: Guid(1c3a1a8127f51460e9f7d99f4150a6ce) Importer(815301076,1909f56bfc062723c751e8b465ee728b)
Start importing Assets/Prefabs/SnakeHead.prefab using Guid(1c3a1a8127f51460e9f7d99f4150a6ce) Importer(815301076,1909f56bfc062723c751e8b465ee728b)  -> (artifact id: 'c216b8ff82eed671fbe768fea6e23686') in 0.047771 seconds
  Import took 0.052736 seconds .

========================================================================
Received Import Request.
  Time since last request: 0.000241 seconds.
  path: Assets/Puzzle stage & settings GUI Pack/Image_green/on.png
  artifactKey: Guid(f2d09d4014a28c3408d456c2b81090b8) Importer(815301076,1909f56bfc062723c751e8b465ee728b)
Start importing Assets/Puzzle stage & settings GUI Pack/Image_green/on.png using Guid(f2d09d4014a28c3408d456c2b81090b8) Importer(815301076,1909f56bfc062723c751e8b465ee728b)  -> (artifact id: '1001e2cb01047a68dd1dd3cf1039068e') in 0.068848 seconds
  Import took 0.073471 seconds .

========================================================================
Received Import Request.
  Time since last request: 0.000266 seconds.
  path: Assets/Puzzle stage & settings GUI Pack/Image_green/line.png
  artifactKey: Guid(fab2c578cb484a5409d09f22b03aa917) Importer(815301076,1909f56bfc062723c751e8b465ee728b)
Start importing Assets/Puzzle stage & settings GUI Pack/Image_green/line.png using Guid(fab2c578cb484a5409d09f22b03aa917) Importer(815301076,1909f56bfc062723c751e8b465ee728b)  -> (artifact id: 'b0d34235664958efefa49ba843f103e1') in 0.046212 seconds
  Import took 0.050824 seconds .

========================================================================
Received Import Request.
  Time since last request: 0.000218 seconds.
  path: Assets/Puzzle stage & settings GUI Pack/Image_green/bar.png
  artifactKey: Guid(4583774c720a19b4b9e6f304ebc89917) Importer(815301076,1909f56bfc062723c751e8b465ee728b)
Start importing Assets/Puzzle stage & settings GUI Pack/Image_green/bar.png using Guid(4583774c720a19b4b9e6f304ebc89917) Importer(815301076,1909f56bfc062723c751e8b465ee728b)  -> (artifact id: 'c008cfe1b60412efdc83e9cb91e68f9b') in 0.074958 seconds
  Import took 0.079891 seconds .

========================================================================
Received Import Request.
  Time since last request: 0.000260 seconds.
  path: Assets/Puzzle stage & settings GUI Pack/Image_green/goods coin.png
  artifactKey: Guid(47c9f9dee77073148a8b59aaf28d746c) Importer(815301076,1909f56bfc062723c751e8b465ee728b)
Start importing Assets/Puzzle stage & settings GUI Pack/Image_green/goods coin.png using Guid(47c9f9dee77073148a8b59aaf28d746c) Importer(815301076,1909f56bfc062723c751e8b465ee728b)  -> (artifact id: 'c646c111e6f8a8fcdec1f4a196b16be3') in 0.071828 seconds
  Import took 0.076727 seconds .

========================================================================
Received Import Request.
  Time since last request: 0.000263 seconds.
  path: Assets/Materials/SnakeBody.mat
  artifactKey: Guid(ee651d066e62f4333b1b6d250df1b6a0) Importer(815301076,1909f56bfc062723c751e8b465ee728b)
Start importing Assets/Materials/SnakeBody.mat using Guid(ee651d066e62f4333b1b6d250df1b6a0) Importer(815301076,1909f56bfc062723c751e8b465ee728b)  -> (artifact id: 'feb4405e359a358dbb016060c46df70c') in 0.020268 seconds
  Import took 0.025540 seconds .

========================================================================
Received Import Request.
  Time since last request: 0.000243 seconds.
  path: Assets/Puzzle stage & settings GUI Pack/Image_green/x.png
  artifactKey: Guid(387a8042f19afdc4c8d122cf0fb6e636) Importer(815301076,1909f56bfc062723c751e8b465ee728b)
Start importing Assets/Puzzle stage & settings GUI Pack/Image_green/x.png using Guid(387a8042f19afdc4c8d122cf0fb6e636) Importer(815301076,1909f56bfc062723c751e8b465ee728b)  -> (artifact id: '5d1ed57cad4ce8e920c4663204649770') in 0.080246 seconds
  Import took 0.084920 seconds .

========================================================================
Received Import Request.
  Time since last request: 15.570479 seconds.
  path: Packages/com.unity.textmeshpro/Scripts/Runtime/Unity.TextMeshPro.asmdef
  artifactKey: Guid(6055be8ebefd69e48b49212b09b47b2f) Importer(815301076,1909f56bfc062723c751e8b465ee728b)
Start importing Packages/com.unity.textmeshpro/Scripts/Runtime/Unity.TextMeshPro.asmdef using Guid(6055be8ebefd69e48b49212b09b47b2f) Importer(815301076,1909f56bfc062723c751e8b465ee728b)  -> (artifact id: '9c369d13e1ba0cc68ff35947d2d99cb8') in 0.006094 seconds
  Import took 0.021773 seconds .

========================================================================
Received Import Request.
  Time since last request: 0.001931 seconds.
  path: Packages/com.unity.textmeshpro/Scripts/Runtime/Unity.TextMeshPro.asmdef
  artifactKey: Guid(6055be8ebefd69e48b49212b09b47b2f) Importer(815301076,1909f56bfc062723c751e8b465ee728b)
Start importing Packages/com.unity.textmeshpro/Scripts/Runtime/Unity.TextMeshPro.asmdef using Guid(6055be8ebefd69e48b49212b09b47b2f) Importer(815301076,1909f56bfc062723c751e8b465ee728b)  -> (artifact id: '9c369d13e1ba0cc68ff35947d2d99cb8') in 0.001455 seconds
  Import took 0.009856 seconds .

========================================================================
Received Import Request.
  Time since last request: 5.522043 seconds.
  path: Assets/TextMesh Pro/Resources/Fonts & Materials/Candal-Regular SDF.asset
  artifactKey: Guid(954446e78dbb9de4ab0b8e92ac6252a1) Importer(815301076,1909f56bfc062723c751e8b465ee728b)
Start importing Assets/TextMesh Pro/Resources/Fonts & Materials/Candal-Regular SDF.asset using Guid(954446e78dbb9de4ab0b8e92ac6252a1) Importer(815301076,1909f56bfc062723c751e8b465ee728b)  -> (artifact id: 'd26a86d6f969c1c96c3764a84e1dd8d6') in 0.219783 seconds
  Import took 0.240482 seconds .

========================================================================
Received Import Request.
  Time since last request: 0.000284 seconds.
  path: Assets/TextMesh Pro/Resources/Fonts & Materials/LiberationSans SDF - Outline.mat
  artifactKey: Guid(79459efec17a4d00a321bdcc27bbc385) Importer(815301076,1909f56bfc062723c751e8b465ee728b)
Start importing Assets/TextMesh Pro/Resources/Fonts & Materials/LiberationSans SDF - Outline.mat using Guid(79459efec17a4d00a321bdcc27bbc385) Importer(815301076,1909f56bfc062723c751e8b465ee728b)  -> (artifact id: 'becdc8fb7a7245d5dbd1cc48616bb089') in 0.120115 seconds
  Import took 0.130515 seconds .

========================================================================
Received Import Request.
  Time since last request: 0.000282 seconds.
  path: Assets/TextMesh Pro/Resources/Fonts & Materials/LiberationSans SDF - Fallback.asset
  artifactKey: Guid(2e498d1c8094910479dc3e1b768306a4) Importer(815301076,1909f56bfc062723c751e8b465ee728b)
Start importing Assets/TextMesh Pro/Resources/Fonts & Materials/LiberationSans SDF - Fallback.asset using Guid(2e498d1c8094910479dc3e1b768306a4) Importer(815301076,1909f56bfc062723c751e8b465ee728b)  -> (artifact id: '125edc84086577e49a42dbf7dfbb5b94') in 0.046074 seconds
  Import took 0.050829 seconds .

========================================================================
Received Import Request.
  Time since last request: 0.000202 seconds.
  path: Assets/TextMesh Pro/Resources/Fonts & Materials/LiberationSans SDF - Drop Shadow.mat
  artifactKey: Guid(e73a58f6e2794ae7b1b7e50b7fb811b0) Importer(815301076,1909f56bfc062723c751e8b465ee728b)
Start importing Assets/TextMesh Pro/Resources/Fonts & Materials/LiberationSans SDF - Drop Shadow.mat using Guid(e73a58f6e2794ae7b1b7e50b7fb811b0) Importer(815301076,1909f56bfc062723c751e8b465ee728b)  -> (artifact id: '3b1991c83887d5c57d7c49ede460a350') in 0.085109 seconds
  Import took 0.099365 seconds .

========================================================================
Received Import Request.
  Time since last request: 0.000300 seconds.
  path: Assets/TextMesh Pro/Resources/Fonts & Materials/LiberationSans SDF.asset
  artifactKey: Guid(8f586378b4e144a9851e7b34d9b748ee) Importer(815301076,1909f56bfc062723c751e8b465ee728b)
Start importing Assets/TextMesh Pro/Resources/Fonts & Materials/LiberationSans SDF.asset using Guid(8f586378b4e144a9851e7b34d9b748ee) Importer(815301076,1909f56bfc062723c751e8b465ee728b)  -> (artifact id: '18314aa126fac01749f59ae3feb6dc0e') in 0.046508 seconds
  Import took 0.051618 seconds .

========================================================================
Received Import Request.
  Time since last request: 0.000270 seconds.
  path: Assets/TextMesh Pro/Resources/Fonts & Materials/LiberationSans SDF - Drop Shadow.mat
  artifactKey: Guid(e73a58f6e2794ae7b1b7e50b7fb811b0) Importer(815301076,1909f56bfc062723c751e8b465ee728b)
Start importing Assets/TextMesh Pro/Resources/Fonts & Materials/LiberationSans SDF - Drop Shadow.mat using Guid(e73a58f6e2794ae7b1b7e50b7fb811b0) Importer(815301076,1909f56bfc062723c751e8b465ee728b)  -> (artifact id: '3b1991c83887d5c57d7c49ede460a350') in 0.034029 seconds
  Import took 0.038208 seconds .

========================================================================
Received Import Request.
  Time since last request: 0.000265 seconds.
  path: Assets/TextMesh Pro/Resources/Fonts & Materials/LiberationSans SDF.asset
  artifactKey: Guid(8f586378b4e144a9851e7b34d9b748ee) Importer(815301076,1909f56bfc062723c751e8b465ee728b)
Start importing Assets/TextMesh Pro/Resources/Fonts & Materials/LiberationSans SDF.asset using Guid(8f586378b4e144a9851e7b34d9b748ee) Importer(815301076,1909f56bfc062723c751e8b465ee728b)  -> (artifact id: '18314aa126fac01749f59ae3feb6dc0e') in 0.029809 seconds
  Import took 0.034071 seconds .

========================================================================
Received Import Request.
  Time since last request: 0.000239 seconds.
  path: Assets/TextMesh Pro/Resources/Fonts & Materials/Candal-Regular SDF.asset
  artifactKey: Guid(954446e78dbb9de4ab0b8e92ac6252a1) Importer(815301076,1909f56bfc062723c751e8b465ee728b)
Start importing Assets/TextMesh Pro/Resources/Fonts & Materials/Candal-Regular SDF.asset using Guid(954446e78dbb9de4ab0b8e92ac6252a1) Importer(815301076,1909f56bfc062723c751e8b465ee728b)  -> (artifact id: 'd26a86d6f969c1c96c3764a84e1dd8d6') in 0.072851 seconds
  Import took 0.077217 seconds .

========================================================================
Received Import Request.
  Time since last request: 99.780951 seconds.
  path: Assets/Puzzle stage & settings GUI Pack/Image_blue/+.png
  artifactKey: Guid(fd3d44ee6ea5f4d4c877dd3413dad12d) Importer(815301076,1909f56bfc062723c751e8b465ee728b)
Start importing Assets/Puzzle stage & settings GUI Pack/Image_blue/+.png using Guid(fd3d44ee6ea5f4d4c877dd3413dad12d) Importer(815301076,1909f56bfc062723c751e8b465ee728b)  -> (artifact id: 'e83a049902b2f4bf80f789cdbc1c8b3b') in 0.107254 seconds
  Import took 0.129748 seconds .

========================================================================
Received Import Request.
  Time since last request: 0.000171 seconds.
  path: Assets/Puzzle stage & settings GUI Pack/Image_blue/bar box.png
  artifactKey: Guid(bb9ac4b8e354b784aab1e598640e292a) Importer(815301076,1909f56bfc062723c751e8b465ee728b)
Start importing Assets/Puzzle stage & settings GUI Pack/Image_blue/bar box.png using Guid(bb9ac4b8e354b784aab1e598640e292a) Importer(815301076,1909f56bfc062723c751e8b465ee728b)  -> (artifact id: 'd2a5b076498fcbec908e7b012759b8d8') in 0.022025 seconds
  Import took 0.026516 seconds .

========================================================================
Received Import Request.
  Time since last request: 0.000254 seconds.
  path: Assets/Puzzle stage & settings GUI Pack/Image_blue/bar.png
  artifactKey: Guid(3158a81040271944c86df426100da268) Importer(815301076,1909f56bfc062723c751e8b465ee728b)
Start importing Assets/Puzzle stage & settings GUI Pack/Image_blue/bar.png using Guid(3158a81040271944c86df426100da268) Importer(815301076,1909f56bfc062723c751e8b465ee728b)  -> (artifact id: '46562aacba63ac0055c28aeb09bc2f50') in 0.056811 seconds
  Import took 0.061397 seconds .

========================================================================
Received Import Request.
  Time since last request: 0.000260 seconds.
  path: Assets/Puzzle stage & settings GUI Pack/Image_blue/bar box.png
  artifactKey: Guid(bb9ac4b8e354b784aab1e598640e292a) Importer(815301076,1909f56bfc062723c751e8b465ee728b)
Start importing Assets/Puzzle stage & settings GUI Pack/Image_blue/bar box.png using Guid(bb9ac4b8e354b784aab1e598640e292a) Importer(815301076,1909f56bfc062723c751e8b465ee728b)  -> (artifact id: 'd2a5b076498fcbec908e7b012759b8d8') in 0.013927 seconds
  Import took 0.018305 seconds .

========================================================================
Received Import Request.
  Time since last request: 0.000206 seconds.
  path: Assets/Puzzle stage & settings GUI Pack/Image_blue/bar.png
  artifactKey: Guid(3158a81040271944c86df426100da268) Importer(815301076,1909f56bfc062723c751e8b465ee728b)
Start importing Assets/Puzzle stage & settings GUI Pack/Image_blue/bar.png using Guid(3158a81040271944c86df426100da268) Importer(815301076,1909f56bfc062723c751e8b465ee728b)  -> (artifact id: '46562aacba63ac0055c28aeb09bc2f50') in 0.005877 seconds
  Import took 0.010042 seconds .

========================================================================
Received Import Request.
  Time since last request: 0.000212 seconds.
  path: Assets/Puzzle stage & settings GUI Pack/Image_blue/goods coin.png
  artifactKey: Guid(0c3a399b9e30d1b469bc1a30f525cc54) Importer(815301076,1909f56bfc062723c751e8b465ee728b)
Start importing Assets/Puzzle stage & settings GUI Pack/Image_blue/goods coin.png using Guid(0c3a399b9e30d1b469bc1a30f525cc54) Importer(815301076,1909f56bfc062723c751e8b465ee728b)  -> (artifact id: '477c61556b36f474b26812f75d8745ca') in 0.175239 seconds
  Import took 0.190885 seconds .

========================================================================
Received Import Request.
  Time since last request: 0.000262 seconds.
  path: Assets/Puzzle stage & settings GUI Pack/Image_blue/box.png
  artifactKey: Guid(57ad7b12ad676a145a4b8936a28b38be) Importer(815301076,1909f56bfc062723c751e8b465ee728b)
Start importing Assets/Puzzle stage & settings GUI Pack/Image_blue/box.png using Guid(57ad7b12ad676a145a4b8936a28b38be) Importer(815301076,1909f56bfc062723c751e8b465ee728b)  -> (artifact id: 'fc10a9cc594f1f196aaf5f44a3d23f31') in 0.134881 seconds
  Import took 0.147427 seconds .

========================================================================
Received Import Request.
  Time since last request: 0.000205 seconds.
  path: Assets/Puzzle stage & settings GUI Pack/Image_blue/goods.png
  artifactKey: Guid(653092db9e2c4d046980acb06734105b) Importer(815301076,1909f56bfc062723c751e8b465ee728b)
Start importing Assets/Puzzle stage & settings GUI Pack/Image_blue/goods.png using Guid(653092db9e2c4d046980acb06734105b) Importer(815301076,1909f56bfc062723c751e8b465ee728b)  -> (artifact id: '27b6e8ebe33bd4039dabdeaeae26cdc8') in 0.071050 seconds
  Import took 0.078924 seconds .

========================================================================
Received Import Request.
  Time since last request: 0.000211 seconds.
  path: Assets/Puzzle stage & settings GUI Pack/Image_blue/box.png
  artifactKey: Guid(57ad7b12ad676a145a4b8936a28b38be) Importer(815301076,1909f56bfc062723c751e8b465ee728b)
Start importing Assets/Puzzle stage & settings GUI Pack/Image_blue/box.png using Guid(57ad7b12ad676a145a4b8936a28b38be) Importer(815301076,1909f56bfc062723c751e8b465ee728b)  -> (artifact id: 'fc10a9cc594f1f196aaf5f44a3d23f31') in 0.014896 seconds
  Import took 0.019063 seconds .

========================================================================
Received Import Request.
  Time since last request: 0.000193 seconds.
  path: Assets/Puzzle stage & settings GUI Pack/Image_blue/candy bar.png
  artifactKey: Guid(f5ac41725f3de384eac4944f2f414994) Importer(815301076,1909f56bfc062723c751e8b465ee728b)
Start importing Assets/Puzzle stage & settings GUI Pack/Image_blue/candy bar.png using Guid(f5ac41725f3de384eac4944f2f414994) Importer(815301076,1909f56bfc062723c751e8b465ee728b)  -> (artifact id: '26dc14f810e426553909fe66e72b5b82') in 0.037010 seconds
  Import took 0.054922 seconds .

========================================================================
Received Import Request.
  Time since last request: 0.000202 seconds.
  path: Assets/Puzzle stage & settings GUI Pack/Image_blue/stage.png
  artifactKey: Guid(f8d36686876a91a40834d72832cf649c) Importer(815301076,1909f56bfc062723c751e8b465ee728b)
Start importing Assets/Puzzle stage & settings GUI Pack/Image_blue/stage.png using Guid(f8d36686876a91a40834d72832cf649c) Importer(815301076,1909f56bfc062723c751e8b465ee728b)  -> (artifact id: '907de552e3b05b891848784e75b903ba') in 0.076711 seconds
  Import took 0.081512 seconds .

========================================================================
Received Import Request.
  Time since last request: 0.000191 seconds.
  path: Assets/Puzzle stage & settings GUI Pack/Image_blue/candy bar.png
  artifactKey: Guid(f5ac41725f3de384eac4944f2f414994) Importer(815301076,1909f56bfc062723c751e8b465ee728b)
Start importing Assets/Puzzle stage & settings GUI Pack/Image_blue/candy bar.png using Guid(f5ac41725f3de384eac4944f2f414994) Importer(815301076,1909f56bfc062723c751e8b465ee728b)  -> (artifact id: '26dc14f810e426553909fe66e72b5b82') in 0.011655 seconds
  Import took 0.015814 seconds .

========================================================================
Received Import Request.
  Time since last request: 0.000204 seconds.
  path: Assets/Puzzle stage & settings GUI Pack/Image_blue/on.png
  artifactKey: Guid(8f947b319b2a9a946a10d39daafb95cd) Importer(815301076,1909f56bfc062723c751e8b465ee728b)
Start importing Assets/Puzzle stage & settings GUI Pack/Image_blue/on.png using Guid(8f947b319b2a9a946a10d39daafb95cd) Importer(815301076,1909f56bfc062723c751e8b465ee728b)  -> (artifact id: '4370df5120a9c37e0c2d5a146c5cf1ff') in 0.074014 seconds
  Import took 0.095056 seconds .

========================================================================
Received Import Request.
  Time since last request: 0.000212 seconds.
  path: Assets/Puzzle stage & settings GUI Pack/Image_blue/line.png
  artifactKey: Guid(07f1a3f9a8c319c4aaa2d3f1c9138268) Importer(815301076,1909f56bfc062723c751e8b465ee728b)
Start importing Assets/Puzzle stage & settings GUI Pack/Image_blue/line.png using Guid(07f1a3f9a8c319c4aaa2d3f1c9138268) Importer(815301076,1909f56bfc062723c751e8b465ee728b)  -> (artifact id: '82e05207708ed744053eb03d1f963243') in 0.063065 seconds
  Import took 0.078712 seconds .

========================================================================
Received Import Request.
  Time since last request: 0.000256 seconds.
  path: Assets/Puzzle stage & settings GUI Pack/Image_blue/star box.png
  artifactKey: Guid(b5bd3f31b053aed4ebaf56227cab641b) Importer(815301076,1909f56bfc062723c751e8b465ee728b)
Start importing Assets/Puzzle stage & settings GUI Pack/Image_blue/star box.png using Guid(b5bd3f31b053aed4ebaf56227cab641b) Importer(815301076,1909f56bfc062723c751e8b465ee728b)  -> (artifact id: 'fedf1a269a87e53be5a96a4d90692a35') in 0.062216 seconds
  Import took 0.066484 seconds .

========================================================================
Received Import Request.
  Time since last request: 0.000233 seconds.
  path: Assets/Puzzle stage & settings GUI Pack/Image_blue/goods jelly.png
  artifactKey: Guid(3b65451688d9fa342b0452991bc90243) Importer(815301076,1909f56bfc062723c751e8b465ee728b)
Start importing Assets/Puzzle stage & settings GUI Pack/Image_blue/goods jelly.png using Guid(3b65451688d9fa342b0452991bc90243) Importer(815301076,1909f56bfc062723c751e8b465ee728b)  -> (artifact id: '3eefae1cb373f5bfb2213b803df9b02f') in 0.111964 seconds
  Import took 0.142850 seconds .

========================================================================
Received Import Request.
  Time since last request: 0.000263 seconds.
  path: Assets/Puzzle stage & settings GUI Pack/Image_blue/jelly.png
  artifactKey: Guid(74eee89173918224dae35d22f71b87fb) Importer(815301076,1909f56bfc062723c751e8b465ee728b)
Start importing Assets/Puzzle stage & settings GUI Pack/Image_blue/jelly.png using Guid(74eee89173918224dae35d22f71b87fb) Importer(815301076,1909f56bfc062723c751e8b465ee728b)  -> (artifact id: 'cc0b8f843f119583b0ebb1f678c3009a') in 0.052981 seconds
  Import took 0.057818 seconds .

========================================================================
Received Import Request.
  Time since last request: 0.000184 seconds.
  path: Assets/Puzzle stage & settings GUI Pack/Image_blue/goods jelly.png
  artifactKey: Guid(3b65451688d9fa342b0452991bc90243) Importer(815301076,1909f56bfc062723c751e8b465ee728b)
Start importing Assets/Puzzle stage & settings GUI Pack/Image_blue/goods jelly.png using Guid(3b65451688d9fa342b0452991bc90243) Importer(815301076,1909f56bfc062723c751e8b465ee728b)  -> (artifact id: '3eefae1cb373f5bfb2213b803df9b02f') in 0.012058 seconds
  Import took 0.016470 seconds .

========================================================================
Received Import Request.
  Time since last request: 0.000242 seconds.
  path: Assets/Puzzle stage & settings GUI Pack/Image_blue/jelly.png
  artifactKey: Guid(74eee89173918224dae35d22f71b87fb) Importer(815301076,1909f56bfc062723c751e8b465ee728b)
Start importing Assets/Puzzle stage & settings GUI Pack/Image_blue/jelly.png using Guid(74eee89173918224dae35d22f71b87fb) Importer(815301076,1909f56bfc062723c751e8b465ee728b)  -> (artifact id: 'cc0b8f843f119583b0ebb1f678c3009a') in 0.036277 seconds
  Import took 0.040541 seconds .

========================================================================
Received Import Request.
  Time since last request: 0.000291 seconds.
  path: Assets/Puzzle stage & settings GUI Pack/Image_blue/off.png
  artifactKey: Guid(373f0d2033dff1a43af706b92034bd19) Importer(815301076,1909f56bfc062723c751e8b465ee728b)
Start importing Assets/Puzzle stage & settings GUI Pack/Image_blue/off.png using Guid(373f0d2033dff1a43af706b92034bd19) Importer(815301076,1909f56bfc062723c751e8b465ee728b)  -> (artifact id: 'cb2db4a735d48401b5fd29e5a332876f') in 0.069983 seconds
  Import took 0.081884 seconds .

========================================================================
Received Import Request.
  Time since last request: 0.000242 seconds.
  path: Assets/Puzzle stage & settings GUI Pack/Image_blue/x.png
  artifactKey: Guid(fe9a5775fd6ad894e846631ce9794598) Importer(815301076,1909f56bfc062723c751e8b465ee728b)
Start importing Assets/Puzzle stage & settings GUI Pack/Image_blue/x.png using Guid(fe9a5775fd6ad894e846631ce9794598) Importer(815301076,1909f56bfc062723c751e8b465ee728b)  -> (artifact id: '8d423d672db3e120a20ef37a9b7d7b69') in 0.050897 seconds
  Import took 0.055781 seconds .

========================================================================
Received Import Request.
  Time since last request: 0.000238 seconds.
  path: Assets/Puzzle stage & settings GUI Pack/Image_blue/off.png
  artifactKey: Guid(373f0d2033dff1a43af706b92034bd19) Importer(815301076,1909f56bfc062723c751e8b465ee728b)
Start importing Assets/Puzzle stage & settings GUI Pack/Image_blue/off.png using Guid(373f0d2033dff1a43af706b92034bd19) Importer(815301076,1909f56bfc062723c751e8b465ee728b)  -> (artifact id: 'cb2db4a735d48401b5fd29e5a332876f') in 0.012401 seconds
  Import took 0.016545 seconds .

========================================================================
Received Import Request.
  Time since last request: 0.000182 seconds.
  path: Assets/Puzzle stage & settings GUI Pack/Image_blue/star.png
  artifactKey: Guid(52d058b4a775d964d871cb579cafc65a) Importer(815301076,1909f56bfc062723c751e8b465ee728b)
Start importing Assets/Puzzle stage & settings GUI Pack/Image_blue/star.png using Guid(52d058b4a775d964d871cb579cafc65a) Importer(815301076,1909f56bfc062723c751e8b465ee728b)  -> (artifact id: 'ae20831afa0d78be360f521acbe80588') in 0.069661 seconds
  Import took 0.086446 seconds .

========================================================================
Received Import Request.
  Time since last request: 0.000963 seconds.
  path: Assets/Puzzle stage & settings GUI Pack/Image_blue/star.png
  artifactKey: Guid(52d058b4a775d964d871cb579cafc65a) Importer(815301076,1909f56bfc062723c751e8b465ee728b)
Start importing Assets/Puzzle stage & settings GUI Pack/Image_blue/star.png using Guid(52d058b4a775d964d871cb579cafc65a) Importer(815301076,1909f56bfc062723c751e8b465ee728b)  -> (artifact id: 'ae20831afa0d78be360f521acbe80588') in 0.012345 seconds
  Import took 0.016769 seconds .

========================================================================
Received Import Request.
  Time since last request: 670.622304 seconds.
  path: Assets/Puzzle stage & settings GUI Pack/Image_blue/s_button
  artifactKey: Guid(6533de7b0441ea246bc9e7877ab15dc7) Importer(815301076,1909f56bfc062723c751e8b465ee728b)
Start importing Assets/Puzzle stage & settings GUI Pack/Image_blue/s_button using Guid(6533de7b0441ea246bc9e7877ab15dc7) Importer(815301076,1909f56bfc062723c751e8b465ee728b)  -> (artifact id: 'c2fbbc6cd5665469ba63bb6650e89812') in 0.009289 seconds
  Import took 0.021264 seconds .

========================================================================
Received Import Request.
  Time since last request: 0.052145 seconds.
  path: Assets/Puzzle stage & settings GUI Pack/Image_blue/s_button/check.png
  artifactKey: Guid(78f867360b8a59048a4340aceaa5b868) Importer(815301076,1909f56bfc062723c751e8b465ee728b)
Start importing Assets/Puzzle stage & settings GUI Pack/Image_blue/s_button/check.png using Guid(78f867360b8a59048a4340aceaa5b868) Importer(815301076,1909f56bfc062723c751e8b465ee728b)  -> (artifact id: 'a4334e3d4de62bc2ee8684d4b6088fc2') in 0.129742 seconds
  Import took 0.161456 seconds .

========================================================================
Received Import Request.
  Time since last request: 0.000333 seconds.
  path: Assets/Puzzle stage & settings GUI Pack/Image_blue/s_button/menu.png
  artifactKey: Guid(bb59b455d7b4b394eae3c792f439ac44) Importer(815301076,1909f56bfc062723c751e8b465ee728b)
Start importing Assets/Puzzle stage & settings GUI Pack/Image_blue/s_button/menu.png using Guid(bb59b455d7b4b394eae3c792f439ac44) Importer(815301076,1909f56bfc062723c751e8b465ee728b)  -> (artifact id: '5d6c397bab4a5a7bd14b7c4af3795b83') in 0.079704 seconds
  Import took 0.093972 seconds .

========================================================================
Received Import Request.
  Time since last request: 0.000283 seconds.
  path: Assets/Puzzle stage & settings GUI Pack/Image_blue/s_button/ranking.png
  artifactKey: Guid(cc44c36c1a5153741b0b08c4492dd5db) Importer(815301076,1909f56bfc062723c751e8b465ee728b)
Start importing Assets/Puzzle stage & settings GUI Pack/Image_blue/s_button/ranking.png using Guid(cc44c36c1a5153741b0b08c4492dd5db) Importer(815301076,1909f56bfc062723c751e8b465ee728b)  -> (artifact id: 'af336e9258f527719bb5892e3582c97a') in 0.097314 seconds
  Import took 0.125226 seconds .

========================================================================
Received Import Request.
  Time since last request: 0.000301 seconds.
  path: Assets/Puzzle stage & settings GUI Pack/Image_blue/s_button/return.png
  artifactKey: Guid(965a193c4ac5d114d9f1512636bf05a0) Importer(815301076,1909f56bfc062723c751e8b465ee728b)
Start importing Assets/Puzzle stage & settings GUI Pack/Image_blue/s_button/return.png using Guid(965a193c4ac5d114d9f1512636bf05a0) Importer(815301076,1909f56bfc062723c751e8b465ee728b)  -> (artifact id: '00ca66e62a12fd8ce33da3dbe18cba71') in 0.065689 seconds
  Import took 0.076445 seconds .

========================================================================
Received Import Request.
  Time since last request: 0.000302 seconds.
  path: Assets/Puzzle stage & settings GUI Pack/Image_blue/s_button/plus.png
  artifactKey: Guid(add96c32c0e56994db78496ce0364df7) Importer(815301076,1909f56bfc062723c751e8b465ee728b)
Start importing Assets/Puzzle stage & settings GUI Pack/Image_blue/s_button/plus.png using Guid(add96c32c0e56994db78496ce0364df7) Importer(815301076,1909f56bfc062723c751e8b465ee728b)  -> (artifact id: '92b97fa07bf2b34a7fd3777763241e62') in 0.081488 seconds
  Import took 0.097675 seconds .

========================================================================
Received Import Request.
  Time since last request: 0.000288 seconds.
  path: Assets/Puzzle stage & settings GUI Pack/Image_blue/s_button/music1.png
  artifactKey: Guid(ae092fdfe65b1eb45807c7f6c222e239) Importer(815301076,1909f56bfc062723c751e8b465ee728b)
Start importing Assets/Puzzle stage & settings GUI Pack/Image_blue/s_button/music1.png using Guid(ae092fdfe65b1eb45807c7f6c222e239) Importer(815301076,1909f56bfc062723c751e8b465ee728b)  -> (artifact id: 'ad69dd10f54cdc2a47ce3d9a321630c3') in 0.086112 seconds
  Import took 0.103671 seconds .

========================================================================
Received Import Request.
  Time since last request: 0.000251 seconds.
  path: Assets/Puzzle stage & settings GUI Pack/Image_blue/s_button/share.png
  artifactKey: Guid(43fc558258fcc1444a5da409269deae9) Importer(815301076,1909f56bfc062723c751e8b465ee728b)
Start importing Assets/Puzzle stage & settings GUI Pack/Image_blue/s_button/share.png using Guid(43fc558258fcc1444a5da409269deae9) Importer(815301076,1909f56bfc062723c751e8b465ee728b)  -> (artifact id: '978d124071d6780e98abe16059f1a185') in 0.083737 seconds
  Import took 0.100298 seconds .

========================================================================
Received Import Request.
  Time since last request: 0.000254 seconds.
  path: Assets/Puzzle stage & settings GUI Pack/Image_blue/s_button/information.png
  artifactKey: Guid(4d5557cac0b4ed440b34cc2d04dbb9e5) Importer(815301076,1909f56bfc062723c751e8b465ee728b)
Start importing Assets/Puzzle stage & settings GUI Pack/Image_blue/s_button/information.png using Guid(4d5557cac0b4ed440b34cc2d04dbb9e5) Importer(815301076,1909f56bfc062723c751e8b465ee728b)  -> (artifact id: '25f43c0f7a7854479a6f1ea7966de9ea') in 0.088629 seconds
  Import took 0.093304 seconds .

========================================================================
Received Import Request.
  Time since last request: 0.000251 seconds.
  path: Assets/Puzzle stage & settings GUI Pack/Image_blue/s_button/play.png
  artifactKey: Guid(6847525e8631f414fad73f2bb8408389) Importer(815301076,1909f56bfc062723c751e8b465ee728b)
Start importing Assets/Puzzle stage & settings GUI Pack/Image_blue/s_button/play.png using Guid(6847525e8631f414fad73f2bb8408389) Importer(815301076,1909f56bfc062723c751e8b465ee728b)  -> (artifact id: '6633a3706ff35b282832213fd8a1167e') in 0.102112 seconds
  Import took 0.117422 seconds .

========================================================================
Received Import Request.
  Time since last request: 0.000311 seconds.
  path: Assets/Puzzle stage & settings GUI Pack/Image_blue/s_button/post.png
  artifactKey: Guid(5f1c8072c86fd27478daa0a43666a4ee) Importer(815301076,1909f56bfc062723c751e8b465ee728b)
Start importing Assets/Puzzle stage & settings GUI Pack/Image_blue/s_button/post.png using Guid(5f1c8072c86fd27478daa0a43666a4ee) Importer(815301076,1909f56bfc062723c751e8b465ee728b)  -> (artifact id: '0f6ea4db1e63281a205bfb6bb350d3f8') in 0.055403 seconds
  Import took 0.072764 seconds .

========================================================================
Received Import Request.
  Time since last request: 0.000291 seconds.
  path: Assets/Puzzle stage & settings GUI Pack/Image_blue/s_button/pause.png
  artifactKey: Guid(42fc6c01ddb6b344fb13c0c2ae01d60a) Importer(815301076,1909f56bfc062723c751e8b465ee728b)
Start importing Assets/Puzzle stage & settings GUI Pack/Image_blue/s_button/pause.png using Guid(42fc6c01ddb6b344fb13c0c2ae01d60a) Importer(815301076,1909f56bfc062723c751e8b465ee728b)  -> (artifact id: '1f1c0001b7f5318b465108d47ca01d9e') in 0.064827 seconds
  Import took 0.069384 seconds .

========================================================================
Received Import Request.
  Time since last request: 0.000264 seconds.
  path: Assets/Puzzle stage & settings GUI Pack/Image_blue/s_button/set.png
  artifactKey: Guid(68c502d45029cff4fb0adef7faf8d3fe) Importer(815301076,1909f56bfc062723c751e8b465ee728b)
Start importing Assets/Puzzle stage & settings GUI Pack/Image_blue/s_button/set.png using Guid(68c502d45029cff4fb0adef7faf8d3fe) Importer(815301076,1909f56bfc062723c751e8b465ee728b)  -> (artifact id: '461670fe66b617bb89297e8928160603') in 0.086992 seconds
  Import took 0.091364 seconds .

========================================================================
Received Import Request.
  Time since last request: 0.000218 seconds.
  path: Assets/Puzzle stage & settings GUI Pack/Image_blue/s_button/shop.png
  artifactKey: Guid(63f091fd3bbfd7a4f883d710a078b876) Importer(815301076,1909f56bfc062723c751e8b465ee728b)
Start importing Assets/Puzzle stage & settings GUI Pack/Image_blue/s_button/shop.png using Guid(63f091fd3bbfd7a4f883d710a078b876) Importer(815301076,1909f56bfc062723c751e8b465ee728b)  -> (artifact id: 'db4258fea7a3dedda8651962a0578b2f') in 0.077719 seconds
  Import took 0.082381 seconds .

========================================================================
Received Import Request.
  Time since last request: 0.000299 seconds.
  path: Assets/Puzzle stage & settings GUI Pack/Image_blue/s_button/sound1.png
  artifactKey: Guid(7fa6c779a5a842f48b786c57bb21d3a4) Importer(815301076,1909f56bfc062723c751e8b465ee728b)
Start importing Assets/Puzzle stage & settings GUI Pack/Image_blue/s_button/sound1.png using Guid(7fa6c779a5a842f48b786c57bb21d3a4) Importer(815301076,1909f56bfc062723c751e8b465ee728b)  -> (artifact id: '87a68887e79df070e4cfdde9226d2981') in 0.088320 seconds
  Import took 0.100778 seconds .

========================================================================
Received Import Request.
  Time since last request: 0.000305 seconds.
  path: Assets/Puzzle stage & settings GUI Pack/Image_blue/s_button/friend.png
  artifactKey: Guid(a75980e548b0f8a4db7ef2e64c5ebd50) Importer(815301076,1909f56bfc062723c751e8b465ee728b)
Start importing Assets/Puzzle stage & settings GUI Pack/Image_blue/s_button/friend.png using Guid(a75980e548b0f8a4db7ef2e64c5ebd50) Importer(815301076,1909f56bfc062723c751e8b465ee728b)  -> (artifact id: '200e9f587a0c26df28f61b26a7af8b2c') in 0.068355 seconds
  Import took 0.072452 seconds .

========================================================================
Received Import Request.
  Time since last request: 0.000227 seconds.
  path: Assets/Puzzle stage & settings GUI Pack/Image_blue/s_button/home.png
  artifactKey: Guid(db29b69e2ef9fe54997f788ff04f171a) Importer(815301076,1909f56bfc062723c751e8b465ee728b)
Start importing Assets/Puzzle stage & settings GUI Pack/Image_blue/s_button/home.png using Guid(db29b69e2ef9fe54997f788ff04f171a) Importer(815301076,1909f56bfc062723c751e8b465ee728b)  -> (artifact id: 'b58f29bf50380febe7282727dd41c836') in 0.094769 seconds
  Import took 0.098961 seconds .

========================================================================
Received Import Request.
  Time since last request: 6.311408 seconds.
  path: Assets/Puzzle stage & settings GUI Pack/Image_blue/button
  artifactKey: Guid(37eb93dc1e993ac4d972ff0ad9da5e22) Importer(815301076,1909f56bfc062723c751e8b465ee728b)
Start importing Assets/Puzzle stage & settings GUI Pack/Image_blue/button using Guid(37eb93dc1e993ac4d972ff0ad9da5e22) Importer(815301076,1909f56bfc062723c751e8b465ee728b)  -> (artifact id: '12fe49960f5c31170d7efb3fb4c0b1a9') in 0.006799 seconds
  Import took 0.023210 seconds .

========================================================================
Received Import Request.
  Time since last request: 0.037814 seconds.
  path: Assets/Puzzle stage & settings GUI Pack/Image_blue/button/exit.png
  artifactKey: Guid(3a524c88db16aff4d9ad8103e6bce542) Importer(815301076,1909f56bfc062723c751e8b465ee728b)
Start importing Assets/Puzzle stage & settings GUI Pack/Image_blue/button/exit.png using Guid(3a524c88db16aff4d9ad8103e6bce542) Importer(815301076,1909f56bfc062723c751e8b465ee728b)  -> (artifact id: '5b3f923d9e67628cb5e717a53a42fb0d') in 0.100103 seconds
  Import took 0.104777 seconds .

========================================================================
Received Import Request.
  Time since last request: 0.000285 seconds.
  path: Assets/Puzzle stage & settings GUI Pack/Image_blue/button/restart.png
  artifactKey: Guid(c197b03fa2bd14d4c8408b76c86bc991) Importer(815301076,1909f56bfc062723c751e8b465ee728b)
Start importing Assets/Puzzle stage & settings GUI Pack/Image_blue/button/restart.png using Guid(c197b03fa2bd14d4c8408b76c86bc991) Importer(815301076,1909f56bfc062723c751e8b465ee728b)  -> (artifact id: '052f624c9614b25d34f1fe1db1fcfdcf') in 0.078573 seconds
  Import took 0.083249 seconds .

========================================================================
Received Import Request.
  Time since last request: 0.000298 seconds.
  path: Assets/Puzzle stage & settings GUI Pack/Image_blue/button/ok.png
  artifactKey: Guid(295c7111297118d418ae4e0e831dc078) Importer(815301076,1909f56bfc062723c751e8b465ee728b)
Start importing Assets/Puzzle stage & settings GUI Pack/Image_blue/button/ok.png using Guid(295c7111297118d418ae4e0e831dc078) Importer(815301076,1909f56bfc062723c751e8b465ee728b)  -> (artifact id: '12a81cdf250276c7c07007578dba755a') in 0.082784 seconds
  Import took 0.086719 seconds .

========================================================================
Received Import Request.
  Time since last request: 0.000275 seconds.
  path: Assets/Puzzle stage & settings GUI Pack/Image_blue/button/resume.png
  artifactKey: Guid(b39865afd3c87b649a0f3a8a223acef6) Importer(815301076,1909f56bfc062723c751e8b465ee728b)
Start importing Assets/Puzzle stage & settings GUI Pack/Image_blue/button/resume.png using Guid(b39865afd3c87b649a0f3a8a223acef6) Importer(815301076,1909f56bfc062723c751e8b465ee728b)  -> (artifact id: 'b10c597bc6306129b9eb9c77b639bb0e') in 0.091268 seconds
  Import took 0.097203 seconds .

========================================================================
Received Import Request.
  Time since last request: 0.000338 seconds.
  path: Assets/Puzzle stage & settings GUI Pack/Image_blue/button/start.png
  artifactKey: Guid(27a5ab6c817fdec4b835c9050514fa5e) Importer(815301076,1909f56bfc062723c751e8b465ee728b)
Start importing Assets/Puzzle stage & settings GUI Pack/Image_blue/button/start.png using Guid(27a5ab6c817fdec4b835c9050514fa5e) Importer(815301076,1909f56bfc062723c751e8b465ee728b)  -> (artifact id: 'f64be270bacbd2aee75dc9bed83052bd') in 0.096116 seconds
  Import took 0.125255 seconds .

========================================================================
Received Import Request.
  Time since last request: 0.000399 seconds.
  path: Assets/Puzzle stage & settings GUI Pack/Image_blue/button/setting.png
  artifactKey: Guid(46ba22a2a6435104cb68f22ee9d35955) Importer(815301076,1909f56bfc062723c751e8b465ee728b)
Start importing Assets/Puzzle stage & settings GUI Pack/Image_blue/button/setting.png using Guid(46ba22a2a6435104cb68f22ee9d35955) Importer(815301076,1909f56bfc062723c751e8b465ee728b)  -> (artifact id: 'e191fd796ee826df0d2fc31c3649953d') in 0.082500 seconds
  Import took 0.184317 seconds .

========================================================================
Received Import Request.
  Time since last request: 0.000263 seconds.
  path: Assets/Puzzle stage & settings GUI Pack/Image_blue/button/quit.png
  artifactKey: Guid(f20e24b72461e8c46892075ce7066f0d) Importer(815301076,1909f56bfc062723c751e8b465ee728b)
Start importing Assets/Puzzle stage & settings GUI Pack/Image_blue/button/quit.png using Guid(f20e24b72461e8c46892075ce7066f0d) Importer(815301076,1909f56bfc062723c751e8b465ee728b)  -> (artifact id: '22eef22e6cd579fac533a034d5e7b7d5') in 0.099153 seconds
  Import took 0.110797 seconds .

========================================================================
Received Import Request.
  Time since last request: 0.000213 seconds.
  path: Assets/Puzzle stage & settings GUI Pack/Image_blue/button/help.png
  artifactKey: Guid(7852a8e25383ce3408aeaf2da3b2d286) Importer(815301076,1909f56bfc062723c751e8b465ee728b)
Start importing Assets/Puzzle stage & settings GUI Pack/Image_blue/button/help.png using Guid(7852a8e25383ce3408aeaf2da3b2d286) Importer(815301076,1909f56bfc062723c751e8b465ee728b)  -> (artifact id: '5bca55cdaadbb5915e564e0e1c42f4e3') in 0.100878 seconds
  Import took 0.105610 seconds .

========================================================================
Received Import Request.
  Time since last request: 58998.029533 seconds.
  path: Assets/Puzzle stage & settings GUI Pack/Image_blue/text
  artifactKey: Guid(ae7cf32e51890b644b7bd1e80d5aa4ee) Importer(815301076,1909f56bfc062723c751e8b465ee728b)
Start importing Assets/Puzzle stage & settings GUI Pack/Image_blue/text using Guid(ae7cf32e51890b644b7bd1e80d5aa4ee) Importer(815301076,1909f56bfc062723c751e8b465ee728b)  -> (artifact id: '3823ee041299b5021f294a6ba84af2bf') in 0.007903 seconds
  Import took 0.119669 seconds .

========================================================================
Received Prepare
Registering precompiled user dll's ...
Registered in 0.001066 seconds.
Begin MonoManager ReloadAssembly
Native extension for WindowsStandalone target not found
Refreshing native plugins compatible for Editor in 47.54 ms, found 0 plugins.
Preloading 0 native plugins for Editor in 0.00 ms.
Warning: Annotation not found!
UnityEngine.StackTraceUtility:ExtractStackTrace ()
UnityEditor.ProBuilder.EditorUtility:SetGizmoIconEnabled (System.Type,bool) (at Library/PackageCache/com.unity.probuilder@4.4.0/Editor/EditorCore/EditorUtility.cs:593)
UnityEditor.ProBuilder.HierarchyListener:.cctor () (at Library/PackageCache/com.unity.probuilder@4.4.0/Editor/EditorCore/HierarchyListener.cs:21)
System.Runtime.CompilerServices.RuntimeHelpers:RunClassConstructor (System.RuntimeTypeHandle)
UnityEditor.EditorAssemblies:ProcessInitializeOnLoadAttributes (System.Type[])

[Library/PackageCache/com.unity.probuilder@4.4.0/Editor/EditorCore/EditorUtility.cs line 593]

Invoked RoslynAnalysisRunner static constructor.
RoslynAnalysisRunner will not be running.
RoslynAnalysisRunner has terminated.
Mono: successfully reloaded assembly
- Completed reload, in  1.046 seconds
Platform modules already initialized, skipping
Switching build target platform(5) subTarget(0) extendedPlatform(0) -> platform(13) subTarget(524288) extendedPlatform(0)
Shader 'Universal Render Pipeline/Particles/Lit': fallback shader 'Universal Render Pipeline/Particles/SimpleLit' not found
Refreshing native plugins compatible for Editor in 0.47 ms, found 0 plugins.
Preloading 0 native plugins for Editor in 0.00 ms.
Unloading 2962 Unused Serialized files (Serialized files now loaded: 0)
System memory in use before: 136.3 MB.
System memory in use after: 136.5 MB.

Unloading 53 unused Assets to reduce memory usage. Loaded Objects now: 3678.
Total: 3.487500 ms (FindLiveObjects: 0.349800 ms CreateObjectMapping: 0.137800 ms MarkObjects: 2.790300 ms  DeleteObjects: 0.208400 ms)

AssetImportParameters requested are different than current active one (requested -> active):
  custom:graphics/normal-map-encoding: 01000000000000000000000000000000 -> 02000000000000000000000000000000
========================================================================
Received Import Request.
  Time since last request: 17795.858831 seconds.
  path: Assets/Puzzle stage & settings GUI Pack/Image_blue/bar box.png
  artifactKey: Guid(bb9ac4b8e354b784aab1e598640e292a) Importer(815301076,1909f56bfc062723c751e8b465ee728b)
Start importing Assets/Puzzle stage & settings GUI Pack/Image_blue/bar box.png using Guid(bb9ac4b8e354b784aab1e598640e292a) Importer(815301076,1909f56bfc062723c751e8b465ee728b)  -> (artifact id: 'bfce2cd7add6f908eed5c412cf910406') in 0.048400 seconds
  Import took 0.053182 seconds .

========================================================================
Received Import Request.
  Time since last request: 0.000264 seconds.
  path: Assets/Puzzle stage & settings GUI Pack/Image_blue/bar.png
  artifactKey: Guid(3158a81040271944c86df426100da268) Importer(815301076,1909f56bfc062723c751e8b465ee728b)
Start importing Assets/Puzzle stage & settings GUI Pack/Image_blue/bar.png using Guid(3158a81040271944c86df426100da268) Importer(815301076,1909f56bfc062723c751e8b465ee728b)  -> (artifact id: '3c96883cfc29340428f5b5726cc67c06') in 0.011991 seconds
  Import took 0.016415 seconds .

========================================================================
Received Import Request.
  Time since last request: 0.000280 seconds.
  path: Assets/Puzzle stage & settings GUI Pack/Image_blue/goods coin.png
  artifactKey: Guid(0c3a399b9e30d1b469bc1a30f525cc54) Importer(815301076,1909f56bfc062723c751e8b465ee728b)
Start importing Assets/Puzzle stage & settings GUI Pack/Image_blue/goods coin.png using Guid(0c3a399b9e30d1b469bc1a30f525cc54) Importer(815301076,1909f56bfc062723c751e8b465ee728b)  -> (artifact id: '42ef367ae3bdba49fbfda1dbe9beff99') in 0.040141 seconds
  Import took 0.066943 seconds .

========================================================================
Received Import Request.
  Time since last request: 0.000221 seconds.
  path: Assets/Puzzle stage & settings GUI Pack/Image_blue/+.png
  artifactKey: Guid(fd3d44ee6ea5f4d4c877dd3413dad12d) Importer(815301076,1909f56bfc062723c751e8b465ee728b)
Start importing Assets/Puzzle stage & settings GUI Pack/Image_blue/+.png using Guid(fd3d44ee6ea5f4d4c877dd3413dad12d) Importer(815301076,1909f56bfc062723c751e8b465ee728b)  -> (artifact id: 'b1976b73d445360812e9f827c8759791') in 0.032691 seconds
  Import took 0.036993 seconds .

========================================================================
Received Import Request.
  Time since last request: 0.000202 seconds.
  path: Assets/Puzzle stage & settings GUI Pack/Image_blue/box.png
  artifactKey: Guid(57ad7b12ad676a145a4b8936a28b38be) Importer(815301076,1909f56bfc062723c751e8b465ee728b)
Start importing Assets/Puzzle stage & settings GUI Pack/Image_blue/box.png using Guid(57ad7b12ad676a145a4b8936a28b38be) Importer(815301076,1909f56bfc062723c751e8b465ee728b)  -> (artifact id: '5c47d44e2fed58981725988ec87fd250') in 0.032005 seconds
  Import took 0.036108 seconds .

========================================================================
Received Import Request.
  Time since last request: 0.000264 seconds.
  path: Assets/Puzzle stage & settings GUI Pack/Image_blue/goods.png
  artifactKey: Guid(653092db9e2c4d046980acb06734105b) Importer(815301076,1909f56bfc062723c751e8b465ee728b)
Start importing Assets/Puzzle stage & settings GUI Pack/Image_blue/goods.png using Guid(653092db9e2c4d046980acb06734105b) Importer(815301076,1909f56bfc062723c751e8b465ee728b)  -> (artifact id: 'bd1f5ad080508e72ed5f9153a031f069') in 0.046122 seconds
  Import took 0.059837 seconds .

========================================================================
Received Import Request.
  Time since last request: 0.000253 seconds.
  path: Assets/Puzzle stage & settings GUI Pack/Image_blue/box.png
  artifactKey: Guid(57ad7b12ad676a145a4b8936a28b38be) Importer(815301076,1909f56bfc062723c751e8b465ee728b)
Start importing Assets/Puzzle stage & settings GUI Pack/Image_blue/box.png using Guid(57ad7b12ad676a145a4b8936a28b38be) Importer(815301076,1909f56bfc062723c751e8b465ee728b)  -> (artifact id: '5c47d44e2fed58981725988ec87fd250') in 0.021694 seconds
  Import took 0.025790 seconds .

========================================================================
Received Import Request.
  Time since last request: 0.000191 seconds.
  path: Assets/Puzzle stage & settings GUI Pack/Image_blue/candy bar.png
  artifactKey: Guid(f5ac41725f3de384eac4944f2f414994) Importer(815301076,1909f56bfc062723c751e8b465ee728b)
Start importing Assets/Puzzle stage & settings GUI Pack/Image_blue/candy bar.png using Guid(f5ac41725f3de384eac4944f2f414994) Importer(815301076,1909f56bfc062723c751e8b465ee728b)  -> (artifact id: '9e77c339d6cba8ed7aef0741538e4804') in 0.014794 seconds
  Import took 0.024423 seconds .

========================================================================
Received Import Request.
  Time since last request: 0.000192 seconds.
  path: Assets/Puzzle stage & settings GUI Pack/Image_blue/stage.png
  artifactKey: Guid(f8d36686876a91a40834d72832cf649c) Importer(815301076,1909f56bfc062723c751e8b465ee728b)
Start importing Assets/Puzzle stage & settings GUI Pack/Image_blue/stage.png using Guid(f8d36686876a91a40834d72832cf649c) Importer(815301076,1909f56bfc062723c751e8b465ee728b)  -> (artifact id: 'd92427e81dd15b67c6b0f152dd5f8e65') in 0.025444 seconds
  Import took 0.038670 seconds .

========================================================================
Received Import Request.
  Time since last request: 0.000163 seconds.
  path: Assets/Puzzle stage & settings GUI Pack/Image_blue/on.png
  artifactKey: Guid(8f947b319b2a9a946a10d39daafb95cd) Importer(815301076,1909f56bfc062723c751e8b465ee728b)
Start importing Assets/Puzzle stage & settings GUI Pack/Image_blue/on.png using Guid(8f947b319b2a9a946a10d39daafb95cd) Importer(815301076,1909f56bfc062723c751e8b465ee728b)  -> (artifact id: 'd157d54c77289ee0fd104ec8c428943b') in 0.054766 seconds
  Import took 0.060335 seconds .

========================================================================
Received Import Request.
  Time since last request: 0.000215 seconds.
  path: Assets/Puzzle stage & settings GUI Pack/Image_blue/line.png
  artifactKey: Guid(07f1a3f9a8c319c4aaa2d3f1c9138268) Importer(815301076,1909f56bfc062723c751e8b465ee728b)
Start importing Assets/Puzzle stage & settings GUI Pack/Image_blue/line.png using Guid(07f1a3f9a8c319c4aaa2d3f1c9138268) Importer(815301076,1909f56bfc062723c751e8b465ee728b)  -> (artifact id: 'd4a385a15248839b86cc6d881da4338e') in 0.011970 seconds
  Import took 0.024862 seconds .

========================================================================
Received Import Request.
  Time since last request: 0.000197 seconds.
  path: Assets/Puzzle stage & settings GUI Pack/Image_blue/star box.png
  artifactKey: Guid(b5bd3f31b053aed4ebaf56227cab641b) Importer(815301076,1909f56bfc062723c751e8b465ee728b)
Start importing Assets/Puzzle stage & settings GUI Pack/Image_blue/star box.png using Guid(b5bd3f31b053aed4ebaf56227cab641b) Importer(815301076,1909f56bfc062723c751e8b465ee728b)  -> (artifact id: '7ff7ffd78ad587cf809257f44c80e919') in 0.043432 seconds
  Import took 0.048585 seconds .

========================================================================
Received Import Request.
  Time since last request: 0.000221 seconds.
  path: Assets/Puzzle stage & settings GUI Pack/Image_blue/goods jelly.png
  artifactKey: Guid(3b65451688d9fa342b0452991bc90243) Importer(815301076,1909f56bfc062723c751e8b465ee728b)
Start importing Assets/Puzzle stage & settings GUI Pack/Image_blue/goods jelly.png using Guid(3b65451688d9fa342b0452991bc90243) Importer(815301076,1909f56bfc062723c751e8b465ee728b)  -> (artifact id: 'baa64bcb009b63101bb42ce2cf67ca38') in 0.024179 seconds
  Import took 0.029317 seconds .

========================================================================
Received Import Request.
  Time since last request: 0.000169 seconds.
  path: Assets/Puzzle stage & settings GUI Pack/Image_blue/jelly.png
  artifactKey: Guid(74eee89173918224dae35d22f71b87fb) Importer(815301076,1909f56bfc062723c751e8b465ee728b)
Start importing Assets/Puzzle stage & settings GUI Pack/Image_blue/jelly.png using Guid(74eee89173918224dae35d22f71b87fb) Importer(815301076,1909f56bfc062723c751e8b465ee728b)  -> (artifact id: '66098ebfbd18f75b7e89c54de5ce5e7b') in 0.016123 seconds
  Import took 0.028171 seconds .

========================================================================
Received Import Request.
  Time since last request: 0.000182 seconds.
  path: Assets/Puzzle stage & settings GUI Pack/Image_blue/goods jelly.png
  artifactKey: Guid(3b65451688d9fa342b0452991bc90243) Importer(815301076,1909f56bfc062723c751e8b465ee728b)
Start importing Assets/Puzzle stage & settings GUI Pack/Image_blue/goods jelly.png using Guid(3b65451688d9fa342b0452991bc90243) Importer(815301076,1909f56bfc062723c751e8b465ee728b)  -> (artifact id: 'baa64bcb009b63101bb42ce2cf67ca38') in 0.012365 seconds
  Import took 0.017416 seconds .

========================================================================
Received Import Request.
  Time since last request: 0.000214 seconds.
  path: Assets/Puzzle stage & settings GUI Pack/Image_blue/jelly.png
  artifactKey: Guid(74eee89173918224dae35d22f71b87fb) Importer(815301076,1909f56bfc062723c751e8b465ee728b)
Start importing Assets/Puzzle stage & settings GUI Pack/Image_blue/jelly.png using Guid(74eee89173918224dae35d22f71b87fb) Importer(815301076,1909f56bfc062723c751e8b465ee728b)  -> (artifact id: '66098ebfbd18f75b7e89c54de5ce5e7b') in 0.014763 seconds
  Import took 0.019560 seconds .

========================================================================
Received Import Request.
  Time since last request: 0.000258 seconds.
  path: Assets/Puzzle stage & settings GUI Pack/Image_blue/off.png
  artifactKey: Guid(373f0d2033dff1a43af706b92034bd19) Importer(815301076,1909f56bfc062723c751e8b465ee728b)
Start importing Assets/Puzzle stage & settings GUI Pack/Image_blue/off.png using Guid(373f0d2033dff1a43af706b92034bd19) Importer(815301076,1909f56bfc062723c751e8b465ee728b)  -> (artifact id: 'e4401030743d89797d7ac59abab63296') in 0.029995 seconds
  Import took 0.035677 seconds .

========================================================================
Received Import Request.
  Time since last request: 0.000157 seconds.
  path: Assets/Puzzle stage & settings GUI Pack/Image_blue/x.png
  artifactKey: Guid(fe9a5775fd6ad894e846631ce9794598) Importer(815301076,1909f56bfc062723c751e8b465ee728b)
Start importing Assets/Puzzle stage & settings GUI Pack/Image_blue/x.png using Guid(fe9a5775fd6ad894e846631ce9794598) Importer(815301076,1909f56bfc062723c751e8b465ee728b)  -> (artifact id: '74b7ccecddafd942f275d36028d0ac92') in 0.043718 seconds
  Import took 0.061467 seconds .

========================================================================
Received Import Request.
  Time since last request: 0.000227 seconds.
  path: Assets/Puzzle stage & settings GUI Pack/Image_blue/star.png
  artifactKey: Guid(52d058b4a775d964d871cb579cafc65a) Importer(815301076,1909f56bfc062723c751e8b465ee728b)
Start importing Assets/Puzzle stage & settings GUI Pack/Image_blue/star.png using Guid(52d058b4a775d964d871cb579cafc65a) Importer(815301076,1909f56bfc062723c751e8b465ee728b)  -> (artifact id: '9d43393dc24f341a54ac94bcd393e29b') in 0.052351 seconds
  Import took 0.057181 seconds .

========================================================================
Received Import Request.
  Time since last request: 0.005133 seconds.
  path: Assets/Puzzle stage & settings GUI Pack/Image_blue/star.png
  artifactKey: Guid(52d058b4a775d964d871cb579cafc65a) Importer(815301076,1909f56bfc062723c751e8b465ee728b)
Start importing Assets/Puzzle stage & settings GUI Pack/Image_blue/star.png using Guid(52d058b4a775d964d871cb579cafc65a) Importer(815301076,1909f56bfc062723c751e8b465ee728b)  -> (artifact id: '9d43393dc24f341a54ac94bcd393e29b') in 0.012285 seconds
  Import took 0.017326 seconds .

========================================================================
Received Prepare
Shader 'Universal Render Pipeline/Particles/Lit': fallback shader 'Universal Render Pipeline/Particles/SimpleLit' not found
Refreshing native plugins compatible for Editor in 0.93 ms, found 0 plugins.
Preloading 0 native plugins for Editor in 0.00 ms.
Unloading 4 Unused Serialized files (Serialized files now loaded: 0)
System memory in use before: 78.4 MB.
System memory in use after: 78.6 MB.

Unloading 4 unused Assets to reduce memory usage. Loaded Objects now: 3679.
Total: 2.877400 ms (FindLiveObjects: 0.287400 ms CreateObjectMapping: 0.133000 ms MarkObjects: 2.400900 ms  DeleteObjects: 0.055200 ms)

========================================================================
Received Prepare
Registering precompiled user dll's ...
Registered in 0.001018 seconds.
Begin MonoManager ReloadAssembly
Native extension for WindowsStandalone target not found
Refreshing native plugins compatible for Editor in 0.52 ms, found 0 plugins.
Preloading 0 native plugins for Editor in 0.00 ms.
Warning: Annotation not found!
UnityEngine.StackTraceUtility:ExtractStackTrace ()
UnityEditor.ProBuilder.EditorUtility:SetGizmoIconEnabled (System.Type,bool) (at Library/PackageCache/com.unity.probuilder@4.4.0/Editor/EditorCore/EditorUtility.cs:593)
UnityEditor.ProBuilder.HierarchyListener:.cctor () (at Library/PackageCache/com.unity.probuilder@4.4.0/Editor/EditorCore/HierarchyListener.cs:21)
System.Runtime.CompilerServices.RuntimeHelpers:RunClassConstructor (System.RuntimeTypeHandle)
UnityEditor.EditorAssemblies:ProcessInitializeOnLoadAttributes (System.Type[])

[Library/PackageCache/com.unity.probuilder@4.4.0/Editor/EditorCore/EditorUtility.cs line 593]

Invoked RoslynAnalysisRunner static constructor.
RoslynAnalysisRunner will not be running.
RoslynAnalysisRunner has terminated.
Mono: successfully reloaded assembly
- Completed reload, in  0.831 seconds
Platform modules already initialized, skipping
Switching build target platform(5) subTarget(0) extendedPlatform(0) -> platform(13) subTarget(524288) extendedPlatform(0)
Shader 'Universal Render Pipeline/Particles/Lit': fallback shader 'Universal Render Pipeline/Particles/SimpleLit' not found
Refreshing native plugins compatible for Editor in 0.59 ms, found 0 plugins.
Preloading 0 native plugins for Editor in 0.00 ms.
Unloading 3003 Unused Serialized files (Serialized files now loaded: 0)
System memory in use before: 137.5 MB.
System memory in use after: 137.7 MB.

Unloading 10 unused Assets to reduce memory usage. Loaded Objects now: 3712.
Total: 2.480200 ms (FindLiveObjects: 0.293300 ms CreateObjectMapping: 0.121100 ms MarkObjects: 2.005500 ms  DeleteObjects: 0.059200 ms)

AssetImportParameters requested are different than current active one (requested -> active):
  custom:graphics/normal-map-encoding: 01000000000000000000000000000000 -> 02000000000000000000000000000000
